app/build/intermediates/manifest_merge_blame_file/debug/manifest-merger-blame-debug-report.txt
1<?xml version="1.0" encoding="utf-8"?>
2<manifest xmlns:android="http://schemas.android.com/apk/res/android"
3    package="com.example.pokemon"
4    android:versionCode="1"
5    android:versionName="1.0" >
6
7    <uses-sdk
8        android:minSdkVersion="23"
8-->src\main\AndroidManifest.xml
9        android:targetSdkVersion="31" />
9-->src\main\AndroidManifest.xml
10
11    <uses-permission android:name="android.permission.INTERNET" />
11-->src\main\AndroidManifest.xml:4:5-66
11-->src\main\AndroidManifest.xml:4:22-64
12
13    <!-- Although the *SdkVersion is captured in gradle build files, this is required for non gradle builds -->
14    <!-- <uses-sdk android:minSdkVersion="14"/> -->
15    <uses-permission android:name="android.permission.ACCESS_NETWORK_STATE" />
15-->[com.google.firebase:firebase-database:20.0.3] AndroidManifest.xml:25:5-79
15-->[com.google.firebase:firebase-database:20.0.3] AndroidManifest.xml:25:22-76
16    <uses-permission android:name="android.permission.WAKE_LOCK" />
16-->[com.google.android.gms:play-services-measurement-api:20.0.0] AndroidManifest.xml:24:5-68
16-->[com.google.android.gms:play-services-measurement-api:20.0.0] AndroidManifest.xml:24:22-65
17    <uses-permission android:name="com.google.android.finsky.permission.BIND_GET_INSTALL_REFERRER_SERVICE" />
17-->[com.google.android.gms:play-services-measurement:20.0.0] AndroidManifest.xml:26:5-110
17-->[com.google.android.gms:play-services-measurement:20.0.0] AndroidManifest.xml:26:22-107
18
19    <application
19-->src\main\AndroidManifest.xml:5:5-22:19
20        android:name="com.example.pokemon.MyApplication"
20-->src\main\AndroidManifest.xml:8:9-38
21        android:allowBackup="true"
21-->src\main\AndroidManifest.xml:6:9-35
22        android:appComponentFactory="androidx.core.app.CoreComponentFactory"
22-->[androidx.core:core:1.7.0] AndroidManifest.xml:24:18-86
23        android:debuggable="true"
24        android:extractNativeLibs="false"
25        android:icon="@mipmap/ic_launcher"
25-->src\main\AndroidManifest.xml:7:9-43
26        android:label="@string/app_name"
26-->src\main\AndroidManifest.xml:9:9-41
27        android:roundIcon="@mipmap/ic_launcher_round"
27-->src\main\AndroidManifest.xml:10:9-54
28        android:supportsRtl="true"
28-->src\main\AndroidManifest.xml:11:9-35
29        android:testOnly="true"
30        android:theme="@style/Theme.BasicNavigation" >
30-->src\main\AndroidManifest.xml:12:9-53
31        <activity
31-->src\main\AndroidManifest.xml:13:9-21:20
32            android:name="com.example.pokemon.MainActivity"
32-->src\main\AndroidManifest.xml:14:13-41
33            android:exported="true" >
33-->src\main\AndroidManifest.xml:15:13-36
34            <intent-filter>
34-->src\main\AndroidManifest.xml:16:13-20:29
35                <action android:name="android.intent.action.MAIN" />
35-->src\main\AndroidManifest.xml:17:17-69
35-->src\main\AndroidManifest.xml:17:25-66
36
37                <category android:name="android.intent.category.LAUNCHER" />
37-->src\main\AndroidManifest.xml:19:17-77
37-->src\main\AndroidManifest.xml:19:27-74
38            </intent-filter>
39        </activity>
40
41        <service
41-->[androidx.room:room-runtime:2.3.0] AndroidManifest.xml:25:9-28:40
42            android:name="androidx.room.MultiInstanceInvalidationService"
42-->[androidx.room:room-runtime:2.3.0] AndroidManifest.xml:26:13-74
43            android:directBootAware="true"
43-->[androidx.room:room-runtime:2.3.0] AndroidManifest.xml:27:13-43
44            android:exported="false" />
44-->[androidx.room:room-runtime:2.3.0] AndroidManifest.xml:28:13-37
45        <service
45-->[com.google.firebase:firebase-analytics-ktx:20.0.0] AndroidManifest.xml:8:9-14:19
46            android:name="com.google.firebase.components.ComponentDiscoveryService"
46-->[com.google.firebase:firebase-analytics-ktx:20.0.0] AndroidManifest.xml:9:13-84
47            android:directBootAware="true"
47-->[com.google.firebase:firebase-common:20.0.0] AndroidManifest.xml:35:13-43
48            android:exported="false" >
48-->[com.google.firebase:firebase-analytics-ktx:20.0.0] AndroidManifest.xml:10:13-37
49            <meta-data
49-->[com.google.firebase:firebase-analytics-ktx:20.0.0] AndroidManifest.xml:11:13-13:85
50                android:name="com.google.firebase.components:com.google.firebase.analytics.ktx.FirebaseAnalyticsKtxRegistrar"
50-->[com.google.firebase:firebase-analytics-ktx:20.0.0] AndroidManifest.xml:12:17-126
51                android:value="com.google.firebase.components.ComponentRegistrar" />
51-->[com.google.firebase:firebase-analytics-ktx:20.0.0] AndroidManifest.xml:13:17-82
52            <meta-data
52-->[com.google.firebase:firebase-database-ktx:20.0.3] AndroidManifest.xml:15:13-17:85
53                android:name="com.google.firebase.components:com.google.firebase.database.ktx.FirebaseDatabaseKtxRegistrar"
53-->[com.google.firebase:firebase-database-ktx:20.0.3] AndroidManifest.xml:16:17-124
54                android:value="com.google.firebase.components.ComponentRegistrar" />
54-->[com.google.firebase:firebase-database-ktx:20.0.3] AndroidManifest.xml:17:17-82
55            <meta-data
55-->[com.google.firebase:firebase-common-ktx:20.0.0] AndroidManifest.xml:15:13-17:85
56                android:name="com.google.firebase.components:com.google.firebase.ktx.FirebaseCommonKtxRegistrar"
56-->[com.google.firebase:firebase-common-ktx:20.0.0] AndroidManifest.xml:16:17-113
57                android:value="com.google.firebase.components.ComponentRegistrar" />
57-->[com.google.firebase:firebase-common-ktx:20.0.0] AndroidManifest.xml:17:17-82
58            <meta-data
58-->[com.google.firebase:firebase-database:20.0.3] AndroidManifest.xml:32:13-34:85
59                android:name="com.google.firebase.components:com.google.firebase.database.DatabaseRegistrar"
59-->[com.google.firebase:firebase-database:20.0.3] AndroidManifest.xml:33:17-109
60                android:value="com.google.firebase.components.ComponentRegistrar" />
60-->[com.google.firebase:firebase-database:20.0.3] AndroidManifest.xml:34:17-82
61            <meta-data
61-->[com.google.android.gms:play-services-measurement-api:20.0.0] AndroidManifest.xml:30:13-32:85
62                android:name="com.google.firebase.components:com.google.firebase.analytics.connector.internal.AnalyticsConnectorRegistrar"
62-->[com.google.android.gms:play-services-measurement-api:20.0.0] AndroidManifest.xml:31:17-139
63                android:value="com.google.firebase.components.ComponentRegistrar" />
63-->[com.google.android.gms:play-services-measurement-api:20.0.0] AndroidManifest.xml:32:17-82
64            <meta-data
64-->[com.google.firebase:firebase-installations:17.0.0] AndroidManifest.xml:18:13-20:85
65                android:name="com.google.firebase.components:com.google.firebase.installations.FirebaseInstallationsRegistrar"
65-->[com.google.firebase:firebase-installations:17.0.0] AndroidManifest.xml:19:17-127
66                android:value="com.google.firebase.components.ComponentRegistrar" />
66-->[com.google.firebase:firebase-installations:17.0.0] AndroidManifest.xml:20:17-82
67        </service>
68
69        <provider
69-->[com.google.firebase:firebase-common:20.0.0] AndroidManifest.xml:26:9-31:39
70            android:name="com.google.firebase.provider.FirebaseInitProvider"
70-->[com.google.firebase:firebase-common:20.0.0] AndroidManifest.xml:27:13-77
71            android:authorities="com.example.pokemon.firebaseinitprovider"
71-->[com.google.firebase:firebase-common:20.0.0] AndroidManifest.xml:28:13-72
72            android:directBootAware="true"
72-->[com.google.firebase:firebase-common:20.0.0] AndroidManifest.xml:29:13-43
73            android:exported="false"
73-->[com.google.firebase:firebase-common:20.0.0] AndroidManifest.xml:30:13-37
74            android:initOrder="100" />
74-->[com.google.firebase:firebase-common:20.0.0] AndroidManifest.xml:31:13-36
75
76        <activity
76-->[com.google.android.gms:play-services-base:17.1.0] AndroidManifest.xml:23:9-26:75
77            android:name="com.google.android.gms.common.api.GoogleApiActivity"
77-->[com.google.android.gms:play-services-base:17.1.0] AndroidManifest.xml:24:13-79
78            android:exported="false"
78-->[com.google.android.gms:play-services-base:17.1.0] AndroidManifest.xml:25:13-37
79            android:theme="@android:style/Theme.Translucent.NoTitleBar" />
79-->[com.google.android.gms:play-services-base:17.1.0] AndroidManifest.xml:26:13-72
80
81        <receiver
81-->[com.google.android.gms:play-services-measurement:20.0.0] AndroidManifest.xml:29:9-33:20
82            android:name="com.google.android.gms.measurement.AppMeasurementReceiver"
82-->[com.google.android.gms:play-services-measurement:20.0.0] AndroidManifest.xml:30:13-85
83            android:enabled="true"
83-->[com.google.android.gms:play-services-measurement:20.0.0] AndroidManifest.xml:31:13-35
84            android:exported="false" >
84-->[com.google.android.gms:play-services-measurement:20.0.0] AndroidManifest.xml:32:13-37
85        </receiver>
86
87        <service
87-->[com.google.android.gms:play-services-measurement:20.0.0] AndroidManifest.xml:35:9-38:40
88            android:name="com.google.android.gms.measurement.AppMeasurementService"
88-->[com.google.android.gms:play-services-measurement:20.0.0] AndroidManifest.xml:36:13-84
89            android:enabled="true"
89-->[com.google.android.gms:play-services-measurement:20.0.0] AndroidManifest.xml:37:13-35
90            android:exported="false" />
90-->[com.google.android.gms:play-services-measurement:20.0.0] AndroidManifest.xml:38:13-37
91        <service
91-->[com.google.android.gms:play-services-measurement:20.0.0] AndroidManifest.xml:39:9-43:72
92            android:name="com.google.android.gms.measurement.AppMeasurementJobService"
92-->[com.google.android.gms:play-services-measurement:20.0.0] AndroidManifest.xml:40:13-87
93            android:enabled="true"
93-->[com.google.android.gms:play-services-measurement:20.0.0] AndroidManifest.xml:41:13-35
94            android:exported="false"
94-->[com.google.android.gms:play-services-measurement:20.0.0] AndroidManifest.xml:42:13-37
95            android:permission="android.permission.BIND_JOB_SERVICE" />
95-->[com.google.android.gms:play-services-measurement:20.0.0] AndroidManifest.xml:43:13-69
96
97        <meta-data
97-->[com.google.android.gms:play-services-basement:17.0.0] AndroidManifest.xml:23:9-25:69
98            android:name="com.google.android.gms.version"
98-->[com.google.android.gms:play-services-basement:17.0.0] AndroidManifest.xml:24:13-58
99            android:value="@integer/google_play_services_version" />
99-->[com.google.android.gms:play-services-basement:17.0.0] AndroidManifest.xml:25:13-66
100    </application>
101
102</manifest>